[22-Aug-2018 14:42:19 UTC] PHP Notice:  ob_end_flush(): failed to send buffer of zlib output compression (1) in C:\Users\veros\Desktop\trabajo1.9\wordpress\wp-includes\functions.php on line 3743
[22-Aug-2018 14:42:19 UTC] PHP Notice:  ob_end_flush(): failed to send buffer of zlib output compression (1) in C:\Users\veros\Desktop\trabajo1.9\wordpress\wp-includes\functions.php on line 3743
[22-Aug-2018 14:42:38 UTC] PHP Notice:  ob_end_flush(): failed to send buffer of zlib output compression (1) in C:\Users\veros\Desktop\trabajo1.9\wordpress\wp-includes\functions.php on line 3743
[22-Aug-2018 14:42:38 UTC] PHP Notice:  ob_end_flush(): failed to send buffer of zlib output compression (1) in C:\Users\veros\Desktop\trabajo1.9\wordpress\wp-includes\functions.php on line 3743
[22-Aug-2018 14:43:34 UTC] PHP Notice:  ob_end_flush(): failed to send buffer of zlib output compression (1) in C:\Users\veros\Desktop\trabajo1.9\wordpress\wp-includes\functions.php on line 3743
[22-Aug-2018 14:43:34 UTC] PHP Notice:  ob_end_flush(): failed to send buffer of zlib output compression (1) in C:\Users\veros\Desktop\trabajo1.9\wordpress\wp-includes\functions.php on line 3743
[22-Aug-2018 14:44:07 UTC] PHP Notice:  ob_end_flush(): failed to send buffer of zlib output compression (1) in C:\Users\veros\Desktop\trabajo1.9\wordpress\wp-includes\functions.php on line 3743
[22-Aug-2018 14:44:07 UTC] PHP Notice:  ob_end_flush(): failed to send buffer of zlib output compression (1) in C:\Users\veros\Desktop\trabajo1.9\wordpress\wp-includes\functions.php on line 3743
[22-Aug-2018 14:44:48 UTC] PHP Notice:  ob_end_flush(): failed to send buffer of zlib output compression (1) in C:\Users\veros\Desktop\trabajo1.9\wordpress\wp-includes\functions.php on line 3743
[22-Aug-2018 14:44:48 UTC] PHP Notice:  ob_end_flush(): failed to send buffer of zlib output compression (1) in C:\Users\veros\Desktop\trabajo1.9\wordpress\wp-includes\functions.php on line 3743
[22-Aug-2018 14:44:57 UTC] PHP Notice:  ob_end_flush(): failed to send buffer of zlib output compression (1) in C:\Users\veros\Desktop\trabajo1.9\wordpress\wp-includes\functions.php on line 3743
[22-Aug-2018 14:44:57 UTC] PHP Notice:  ob_end_flush(): failed to send buffer of zlib output compression (1) in C:\Users\veros\Desktop\trabajo1.9\wordpress\wp-includes\functions.php on line 3743
[22-Aug-2018 14:45:59 UTC] PHP Notice:  ob_end_flush(): failed to send buffer of zlib output compression (1) in C:\Users\veros\Desktop\trabajo1.9\wordpress\wp-includes\functions.php on line 3743
[22-Aug-2018 14:45:59 UTC] PHP Notice:  ob_end_flush(): failed to send buffer of zlib output compression (1) in C:\Users\veros\Desktop\trabajo1.9\wordpress\wp-includes\functions.php on line 3743
[22-Aug-2018 14:46:49 UTC] PHP Notice:  ob_end_flush(): failed to send buffer of zlib output compression (1) in C:\Users\veros\Desktop\trabajo1.9\wordpress\wp-includes\functions.php on line 3743
[22-Aug-2018 14:46:49 UTC] PHP Notice:  ob_end_flush(): failed to send buffer of zlib output compression (1) in C:\Users\veros\Desktop\trabajo1.9\wordpress\wp-includes\functions.php on line 3743
[22-Aug-2018 14:47:29 UTC] PHP Notice:  ob_end_flush(): failed to send buffer of zlib output compression (1) in C:\Users\veros\Desktop\trabajo1.9\wordpress\wp-includes\functions.php on line 3743
[22-Aug-2018 14:47:29 UTC] PHP Notice:  ob_end_flush(): failed to send buffer of zlib output compression (1) in C:\Users\veros\Desktop\trabajo1.9\wordpress\wp-includes\functions.php on line 3743
[22-Aug-2018 14:47:33 UTC] PHP Notice:  ob_end_flush(): failed to send buffer of zlib output compression (1) in C:\Users\veros\Desktop\trabajo1.9\wordpress\wp-includes\functions.php on line 3743
[22-Aug-2018 14:47:33 UTC] PHP Notice:  ob_end_flush(): failed to send buffer of zlib output compression (1) in C:\Users\veros\Desktop\trabajo1.9\wordpress\wp-includes\functions.php on line 3743
[22-Aug-2018 14:47:35 UTC] PHP Notice:  ob_end_flush(): failed to send buffer of zlib output compression (1) in C:\Users\veros\Desktop\trabajo1.9\wordpress\wp-includes\functions.php on line 3743
[22-Aug-2018 14:47:35 UTC] PHP Notice:  ob_end_flush(): failed to send buffer of zlib output compression (1) in C:\Users\veros\Desktop\trabajo1.9\wordpress\wp-includes\functions.php on line 3743
[22-Aug-2018 14:48:15 UTC] PHP Notice:  ob_end_flush(): failed to send buffer of zlib output compression (1) in C:\Users\veros\Desktop\trabajo1.9\wordpress\wp-includes\functions.php on line 3743
[22-Aug-2018 14:48:15 UTC] PHP Notice:  ob_end_flush(): failed to send buffer of zlib output compression (1) in C:\Users\veros\Desktop\trabajo1.9\wordpress\wp-includes\functions.php on line 3743
[22-Aug-2018 14:49:23 UTC] PHP Notice:  ob_end_flush(): failed to send buffer of zlib output compression (1) in C:\Users\veros\Desktop\trabajo1.9\wordpress\wp-includes\functions.php on line 3743
[22-Aug-2018 14:49:23 UTC] PHP Notice:  ob_end_flush(): failed to send buffer of zlib output compression (1) in C:\Users\veros\Desktop\trabajo1.9\wordpress\wp-includes\functions.php on line 3743
[22-Aug-2018 14:49:47 UTC] PHP Notice:  ob_end_flush(): failed to send buffer of zlib output compression (1) in C:\Users\veros\Desktop\trabajo1.9\wordpress\wp-includes\functions.php on line 3743
[22-Aug-2018 14:49:47 UTC] PHP Notice:  ob_end_flush(): failed to send buffer of zlib output compression (1) in C:\Users\veros\Desktop\trabajo1.9\wordpress\wp-includes\functions.php on line 3743
[22-Aug-2018 14:49:51 UTC] PHP Notice:  ob_end_flush(): failed to send buffer of zlib output compression (1) in C:\Users\veros\Desktop\trabajo1.9\wordpress\wp-includes\functions.php on line 3743
[22-Aug-2018 14:49:51 UTC] PHP Notice:  ob_end_flush(): failed to send buffer of zlib output compression (1) in C:\Users\veros\Desktop\trabajo1.9\wordpress\wp-includes\functions.php on line 3743
[22-Aug-2018 14:50:04 UTC] PHP Notice:  ob_end_flush(): failed to send buffer of zlib output compression (1) in C:\Users\veros\Desktop\trabajo1.9\wordpress\wp-includes\functions.php on line 3743
[22-Aug-2018 14:50:04 UTC] PHP Notice:  ob_end_flush(): failed to send buffer of zlib output compression (1) in C:\Users\veros\Desktop\trabajo1.9\wordpress\wp-includes\functions.php on line 3743
[22-Aug-2018 14:50:54 UTC] PHP Notice:  ob_end_flush(): failed to send buffer of zlib output compression (1) in C:\Users\veros\Desktop\trabajo1.9\wordpress\wp-includes\functions.php on line 3743
[22-Aug-2018 14:50:54 UTC] PHP Notice:  ob_end_flush(): failed to send buffer of zlib output compression (1) in C:\Users\veros\Desktop\trabajo1.9\wordpress\wp-includes\functions.php on line 3743
[22-Aug-2018 14:50:57 UTC] PHP Notice:  ob_end_flush(): failed to send buffer of zlib output compression (1) in C:\Users\veros\Desktop\trabajo1.9\wordpress\wp-includes\functions.php on line 3743
[22-Aug-2018 14:50:57 UTC] PHP Notice:  ob_end_flush(): failed to send buffer of zlib output compression (1) in C:\Users\veros\Desktop\trabajo1.9\wordpress\wp-includes\functions.php on line 3743
[22-Aug-2018 14:51:13 UTC] PHP Notice:  ob_end_flush(): failed to send buffer of zlib output compression (1) in C:\Users\veros\Desktop\trabajo1.9\wordpress\wp-includes\functions.php on line 3743
[22-Aug-2018 14:51:13 UTC] PHP Notice:  ob_end_flush(): failed to send buffer of zlib output compression (1) in C:\Users\veros\Desktop\trabajo1.9\wordpress\wp-includes\functions.php on line 3743
[22-Aug-2018 14:53:52 UTC] PHP Notice:  ob_end_flush(): failed to send buffer of zlib output compression (1) in C:\Users\veros\Desktop\trabajo1.9\wordpress\wp-includes\functions.php on line 3743
[22-Aug-2018 14:53:52 UTC] PHP Notice:  ob_end_flush(): failed to send buffer of zlib output compression (1) in C:\Users\veros\Desktop\trabajo1.9\wordpress\wp-includes\functions.php on line 3743
[22-Aug-2018 14:54:11 UTC] PHP Notice:  ob_end_flush(): failed to send buffer of zlib output compression (1) in C:\Users\veros\Desktop\trabajo1.9\wordpress\wp-includes\functions.php on line 3743
[22-Aug-2018 14:54:11 UTC] PHP Notice:  ob_end_flush(): failed to send buffer of zlib output compression (1) in C:\Users\veros\Desktop\trabajo1.9\wordpress\wp-includes\functions.php on line 3743
[22-Aug-2018 15:06:48 UTC] PHP Notice:  ob_end_flush(): failed to send buffer of zlib output compression (1) in C:\Users\veros\Desktop\trabajo1.9\wordpress\wp-includes\functions.php on line 3743
[22-Aug-2018 15:06:48 UTC] PHP Notice:  ob_end_flush(): failed to send buffer of zlib output compression (1) in C:\Users\veros\Desktop\trabajo1.9\wordpress\wp-includes\functions.php on line 3743
[22-Aug-2018 15:20:29 UTC] PHP Warning:  get_headers() expects at least 1 parameter, 0 given in C:\Users\veros\Desktop\trabajo1.9\wordpress\wp-content\themes\vero\index.php on line 1
[22-Aug-2018 15:20:30 UTC] PHP Warning:  get_headers() expects at least 1 parameter, 0 given in C:\Users\veros\Desktop\trabajo1.9\wordpress\wp-content\themes\vero\index.php on line 1
[22-Aug-2018 15:20:30 UTC] PHP Warning:  get_headers() expects at least 1 parameter, 0 given in C:\Users\veros\Desktop\trabajo1.9\wordpress\wp-content\themes\vero\index.php on line 1
[22-Aug-2018 15:31:20 UTC] PHP Parse error:  syntax error, unexpected 'register_enqueue_style' (T_STRING) in C:\Users\veros\Desktop\trabajo1.9\wordpress\wp-content\themes\vero\functions.php on line 2
[22-Aug-2018 15:31:55 UTC] PHP Parse error:  syntax error, unexpected '}' in C:\Users\veros\Desktop\trabajo1.9\wordpress\wp-content\themes\vero\functions.php on line 10
[22-Aug-2018 15:32:36 UTC] PHP Warning:  get_headers() expects at least 1 parameter, 0 given in C:\Users\veros\Desktop\trabajo1.9\wordpress\wp-content\themes\vero\index.php on line 1
[22-Aug-2018 15:32:36 UTC] PHP Warning:  get_headers() expects at least 1 parameter, 0 given in C:\Users\veros\Desktop\trabajo1.9\wordpress\wp-content\themes\vero\index.php on line 1
[22-Aug-2018 15:32:36 UTC] PHP Warning:  get_headers() expects at least 1 parameter, 0 given in C:\Users\veros\Desktop\trabajo1.9\wordpress\wp-content\themes\vero\index.php on line 1
[22-Aug-2018 15:32:37 UTC] PHP Warning:  get_headers() expects at least 1 parameter, 0 given in C:\Users\veros\Desktop\trabajo1.9\wordpress\wp-content\themes\vero\index.php on line 1
[22-Aug-2018 15:33:09 UTC] PHP Warning:  get_headers() expects at least 1 parameter, 0 given in C:\Users\veros\Desktop\trabajo1.9\wordpress\wp-content\themes\vero\index.php on line 1
[22-Aug-2018 15:33:10 UTC] PHP Warning:  get_headers() expects at least 1 parameter, 0 given in C:\Users\veros\Desktop\trabajo1.9\wordpress\wp-content\themes\vero\index.php on line 1
[22-Aug-2018 15:33:10 UTC] PHP Warning:  get_headers() expects at least 1 parameter, 0 given in C:\Users\veros\Desktop\trabajo1.9\wordpress\wp-content\themes\vero\index.php on line 1
[22-Aug-2018 15:33:10 UTC] PHP Warning:  get_headers() expects at least 1 parameter, 0 given in C:\Users\veros\Desktop\trabajo1.9\wordpress\wp-content\themes\vero\index.php on line 1
[22-Aug-2018 18:45:08 UTC] PHP Notice:  ob_end_flush(): failed to send buffer of zlib output compression (1) in C:\Users\veros\Desktop\trabajo1.9\wordpress\wp-includes\functions.php on line 3743
[22-Aug-2018 18:45:08 UTC] PHP Notice:  ob_end_flush(): failed to send buffer of zlib output compression (1) in C:\Users\veros\Desktop\trabajo1.9\wordpress\wp-includes\functions.php on line 3743
[22-Aug-2018 18:45:12 UTC] PHP Notice:  ob_end_flush(): failed to send buffer of zlib output compression (1) in C:\Users\veros\Desktop\trabajo1.9\wordpress\wp-includes\functions.php on line 3743
[22-Aug-2018 18:45:12 UTC] PHP Notice:  ob_end_flush(): failed to send buffer of zlib output compression (1) in C:\Users\veros\Desktop\trabajo1.9\wordpress\wp-includes\functions.php on line 3743
[22-Aug-2018 18:45:14 UTC] PHP Notice:  ob_end_flush(): failed to send buffer of zlib output compression (1) in C:\Users\veros\Desktop\trabajo1.9\wordpress\wp-includes\functions.php on line 3743
[22-Aug-2018 18:45:14 UTC] PHP Notice:  ob_end_flush(): failed to send buffer of zlib output compression (1) in C:\Users\veros\Desktop\trabajo1.9\wordpress\wp-includes\functions.php on line 3743
[22-Aug-2018 18:45:15 UTC] PHP Notice:  ob_end_flush(): failed to send buffer of zlib output compression (1) in C:\Users\veros\Desktop\trabajo1.9\wordpress\wp-includes\functions.php on line 3743
[22-Aug-2018 18:45:15 UTC] PHP Notice:  ob_end_flush(): failed to send buffer of zlib output compression (1) in C:\Users\veros\Desktop\trabajo1.9\wordpress\wp-includes\functions.php on line 3743
[22-Aug-2018 18:45:21 UTC] PHP Notice:  ob_end_flush(): failed to send buffer of zlib output compression (1) in C:\Users\veros\Desktop\trabajo1.9\wordpress\wp-includes\functions.php on line 3743
[22-Aug-2018 18:45:21 UTC] PHP Notice:  ob_end_flush(): failed to send buffer of zlib output compression (1) in C:\Users\veros\Desktop\trabajo1.9\wordpress\wp-includes\functions.php on line 3743
[22-Aug-2018 18:45:30 UTC] PHP Notice:  ob_end_flush(): failed to send buffer of zlib output compression (1) in C:\Users\veros\Desktop\trabajo1.9\wordpress\wp-includes\functions.php on line 3743
[22-Aug-2018 18:45:30 UTC] PHP Notice:  ob_end_flush(): failed to send buffer of zlib output compression (1) in C:\Users\veros\Desktop\trabajo1.9\wordpress\wp-includes\functions.php on line 3743
[22-Aug-2018 18:45:33 UTC] PHP Notice:  ob_end_flush(): failed to send buffer of zlib output compression (1) in C:\Users\veros\Desktop\trabajo1.9\wordpress\wp-includes\functions.php on line 3743
[22-Aug-2018 18:45:33 UTC] PHP Notice:  ob_end_flush(): failed to send buffer of zlib output compression (1) in C:\Users\veros\Desktop\trabajo1.9\wordpress\wp-includes\functions.php on line 3743
[22-Aug-2018 18:45:42 UTC] PHP Notice:  ob_end_flush(): failed to send buffer of zlib output compression (1) in C:\Users\veros\Desktop\trabajo1.9\wordpress\wp-includes\functions.php on line 3743
[22-Aug-2018 18:45:42 UTC] PHP Notice:  ob_end_flush(): failed to send buffer of zlib output compression (1) in C:\Users\veros\Desktop\trabajo1.9\wordpress\wp-includes\functions.php on line 3743
[22-Aug-2018 18:45:49 UTC] PHP Notice:  ob_end_flush(): failed to send buffer of zlib output compression (1) in C:\Users\veros\Desktop\trabajo1.9\wordpress\wp-includes\functions.php on line 3743
[22-Aug-2018 18:45:49 UTC] PHP Notice:  ob_end_flush(): failed to send buffer of zlib output compression (1) in C:\Users\veros\Desktop\trabajo1.9\wordpress\wp-includes\functions.php on line 3743
[22-Aug-2018 18:46:04 UTC] PHP Notice:  ob_end_flush(): failed to send buffer of zlib output compression (1) in C:\Users\veros\Desktop\trabajo1.9\wordpress\wp-includes\functions.php on line 3743
[22-Aug-2018 18:46:04 UTC] PHP Notice:  ob_end_flush(): failed to send buffer of zlib output compression (1) in C:\Users\veros\Desktop\trabajo1.9\wordpress\wp-includes\functions.php on line 3743
[22-Aug-2018 18:47:50 UTC] PHP Notice:  ob_end_flush(): failed to send buffer of zlib output compression (1) in C:\Users\veros\Desktop\trabajo1.9\wordpress\wp-includes\functions.php on line 3743
[22-Aug-2018 18:47:50 UTC] PHP Notice:  ob_end_flush(): failed to send buffer of zlib output compression (1) in C:\Users\veros\Desktop\trabajo1.9\wordpress\wp-includes\functions.php on line 3743
[22-Aug-2018 18:47:56 UTC] PHP Notice:  ob_end_flush(): failed to send buffer of zlib output compression (1) in C:\Users\veros\Desktop\trabajo1.9\wordpress\wp-includes\functions.php on line 3743
[22-Aug-2018 18:47:56 UTC] PHP Notice:  ob_end_flush(): failed to send buffer of zlib output compression (1) in C:\Users\veros\Desktop\trabajo1.9\wordpress\wp-includes\functions.php on line 3743
[22-Aug-2018 18:48:16 UTC] PHP Notice:  ob_end_flush(): failed to send buffer of zlib output compression (1) in C:\Users\veros\Desktop\trabajo1.9\wordpress\wp-includes\functions.php on line 3743
[22-Aug-2018 18:48:16 UTC] PHP Notice:  ob_end_flush(): failed to send buffer of zlib output compression (1) in C:\Users\veros\Desktop\trabajo1.9\wordpress\wp-includes\functions.php on line 3743
[22-Aug-2018 18:48:19 UTC] PHP Notice:  ob_end_flush(): failed to send buffer of zlib output compression (1) in C:\Users\veros\Desktop\trabajo1.9\wordpress\wp-includes\functions.php on line 3743
[22-Aug-2018 18:48:19 UTC] PHP Notice:  ob_end_flush(): failed to send buffer of zlib output compression (1) in C:\Users\veros\Desktop\trabajo1.9\wordpress\wp-includes\functions.php on line 3743
[22-Aug-2018 18:49:43 UTC] PHP Warning:  call_user_func_array() expects parameter 1 to be a valid callback, function 'register_enqueue_scripts' not found or invalid function name in C:\Users\veros\Desktop\trabajo1.9\wordpress\wp-includes\class-wp-hook.php on line 286
[22-Aug-2018 18:52:22 UTC] PHP Warning:  call_user_func_array() expects parameter 1 to be a valid callback, function 'register_enqueue_scripts' not found or invalid function name in C:\Users\veros\Desktop\trabajo1.9\wordpress\wp-includes\class-wp-hook.php on line 286
[22-Aug-2018 18:54:52 UTC] PHP Warning:  call_user_func_array() expects parameter 1 to be a valid callback, function 'register_enqueue_scripts' not found or invalid function name in C:\Users\veros\Desktop\trabajo1.9\wordpress\wp-includes\class-wp-hook.php on line 286
[22-Aug-2018 18:55:34 UTC] PHP Warning:  call_user_func_array() expects parameter 1 to be a valid callback, function 'register_enqueue_scripts' not found or invalid function name in C:\Users\veros\Desktop\trabajo1.9\wordpress\wp-includes\class-wp-hook.php on line 286
[22-Aug-2018 18:56:34 UTC] PHP Warning:  call_user_func_array() expects parameter 1 to be a valid callback, function 'register_enqueue_scripts' not found or invalid function name in C:\Users\veros\Desktop\trabajo1.9\wordpress\wp-includes\class-wp-hook.php on line 286
[22-Aug-2018 19:06:30 UTC] PHP Warning:  call_user_func_array() expects parameter 1 to be a valid callback, function 'register_enqueue_scripts' not found or invalid function name in C:\Users\veros\Desktop\trabajo1.9\wordpress\wp-includes\class-wp-hook.php on line 286
[22-Aug-2018 19:07:08 UTC] PHP Warning:  call_user_func_array() expects parameter 1 to be a valid callback, function 'register_enqueue_scripts' not found or invalid function name in C:\Users\veros\Desktop\trabajo1.9\wordpress\wp-includes\class-wp-hook.php on line 286
[22-Aug-2018 19:08:52 UTC] PHP Warning:  call_user_func_array() expects parameter 1 to be a valid callback, function 'register_enqueue_scripts' not found or invalid function name in C:\Users\veros\Desktop\trabajo1.9\wordpress\wp-includes\class-wp-hook.php on line 286
[22-Aug-2018 19:09:56 UTC] PHP Warning:  call_user_func_array() expects parameter 1 to be a valid callback, function 'register_enqueue_scripts' not found or invalid function name in C:\Users\veros\Desktop\trabajo1.9\wordpress\wp-includes\class-wp-hook.php on line 286
[22-Aug-2018 19:10:55 UTC] PHP Warning:  call_user_func_array() expects parameter 1 to be a valid callback, function 'register_enqueue_scripts' not found or invalid function name in C:\Users\veros\Desktop\trabajo1.9\wordpress\wp-includes\class-wp-hook.php on line 286
[22-Aug-2018 19:18:15 UTC] PHP Warning:  call_user_func_array() expects parameter 1 to be a valid callback, function 'register_enqueue_scripts' not found or invalid function name in C:\Users\veros\Desktop\trabajo1.9\wordpress\wp-includes\class-wp-hook.php on line 286
[22-Aug-2018 19:19:51 UTC] PHP Warning:  call_user_func_array() expects parameter 1 to be a valid callback, function 'register_enqueue_scripts' not found or invalid function name in C:\Users\veros\Desktop\trabajo1.9\wordpress\wp-includes\class-wp-hook.php on line 286
[22-Aug-2018 19:20:49 UTC] PHP Warning:  call_user_func_array() expects parameter 1 to be a valid callback, function 'register_enqueue_scripts' not found or invalid function name in C:\Users\veros\Desktop\trabajo1.9\wordpress\wp-includes\class-wp-hook.php on line 286
[22-Aug-2018 19:26:16 UTC] PHP Warning:  call_user_func_array() expects parameter 1 to be a valid callback, function 'register_enqueue_scripts' not found or invalid function name in C:\Users\veros\Desktop\trabajo1.9\wordpress\wp-includes\class-wp-hook.php on line 286
[22-Aug-2018 19:28:42 UTC] PHP Warning:  call_user_func_array() expects parameter 1 to be a valid callback, function 'register_enqueue_scripts' not found or invalid function name in C:\Users\veros\Desktop\trabajo1.9\wordpress\wp-includes\class-wp-hook.php on line 286
[22-Aug-2018 19:28:45 UTC] PHP Warning:  call_user_func_array() expects parameter 1 to be a valid callback, function 'register_enqueue_scripts' not found or invalid function name in C:\Users\veros\Desktop\trabajo1.9\wordpress\wp-includes\class-wp-hook.php on line 286
[22-Aug-2018 19:29:14 UTC] PHP Warning:  call_user_func_array() expects parameter 1 to be a valid callback, function 'register_enqueue_scripts' not found or invalid function name in C:\Users\veros\Desktop\trabajo1.9\wordpress\wp-includes\class-wp-hook.php on line 286
[22-Aug-2018 19:31:52 UTC] PHP Warning:  call_user_func_array() expects parameter 1 to be a valid callback, function 'register_enqueue_scripts' not found or invalid function name in C:\Users\veros\Desktop\trabajo1.9\wordpress\wp-includes\class-wp-hook.php on line 286
[22-Aug-2018 19:40:49 UTC] PHP Warning:  call_user_func_array() expects parameter 1 to be a valid callback, function 'register_enqueue_scripts' not found or invalid function name in C:\Users\veros\Desktop\trabajo1.9\wordpress\wp-includes\class-wp-hook.php on line 286
[22-Aug-2018 19:42:58 UTC] PHP Warning:  call_user_func_array() expects parameter 1 to be a valid callback, function 'register_enqueue_scripts' not found or invalid function name in C:\Users\veros\Desktop\trabajo1.9\wordpress\wp-includes\class-wp-hook.php on line 286
[22-Aug-2018 19:49:08 UTC] PHP Warning:  call_user_func_array() expects parameter 1 to be a valid callback, function 'register_enqueue_scripts' not found or invalid function name in C:\Users\veros\Desktop\trabajo1.9\wordpress\wp-includes\class-wp-hook.php on line 286
[22-Aug-2018 19:50:36 UTC] PHP Notice:  ob_end_flush(): failed to send buffer of zlib output compression (1) in C:\Users\veros\Desktop\trabajo1.9\wordpress\wp-includes\functions.php on line 3743
[22-Aug-2018 19:50:36 UTC] PHP Notice:  ob_end_flush(): failed to send buffer of zlib output compression (1) in C:\Users\veros\Desktop\trabajo1.9\wordpress\wp-includes\functions.php on line 3743
[22-Aug-2018 19:50:43 UTC] PHP Warning:  call_user_func_array() expects parameter 1 to be a valid callback, function 'register_enqueue_scripts' not found or invalid function name in C:\Users\veros\Desktop\trabajo1.9\wordpress\wp-includes\class-wp-hook.php on line 286
[22-Aug-2018 19:51:42 UTC] PHP Notice:  ob_end_flush(): failed to send buffer of zlib output compression (1) in C:\Users\veros\Desktop\trabajo1.9\wordpress\wp-includes\functions.php on line 3743
[22-Aug-2018 19:51:42 UTC] PHP Notice:  ob_end_flush(): failed to send buffer of zlib output compression (1) in C:\Users\veros\Desktop\trabajo1.9\wordpress\wp-includes\functions.php on line 3743
[22-Aug-2018 19:51:50 UTC] PHP Warning:  call_user_func_array() expects parameter 1 to be a valid callback, function 'register_enqueue_scripts' not found or invalid function name in C:\Users\veros\Desktop\trabajo1.9\wordpress\wp-includes\class-wp-hook.php on line 286
[22-Aug-2018 19:52:36 UTC] PHP Notice:  ob_end_flush(): failed to send buffer of zlib output compression (1) in C:\Users\veros\Desktop\trabajo1.9\wordpress\wp-includes\functions.php on line 3743
[22-Aug-2018 19:52:36 UTC] PHP Notice:  ob_end_flush(): failed to send buffer of zlib output compression (1) in C:\Users\veros\Desktop\trabajo1.9\wordpress\wp-includes\functions.php on line 3743
[22-Aug-2018 19:52:48 UTC] PHP Notice:  ob_end_flush(): failed to send buffer of zlib output compression (1) in C:\Users\veros\Desktop\trabajo1.9\wordpress\wp-includes\functions.php on line 3743
[22-Aug-2018 19:52:48 UTC] PHP Notice:  ob_end_flush(): failed to send buffer of zlib output compression (1) in C:\Users\veros\Desktop\trabajo1.9\wordpress\wp-includes\functions.php on line 3743
[22-Aug-2018 19:53:08 UTC] PHP Notice:  ob_end_flush(): failed to send buffer of zlib output compression (1) in C:\Users\veros\Desktop\trabajo1.9\wordpress\wp-includes\functions.php on line 3743
[22-Aug-2018 19:53:08 UTC] PHP Notice:  ob_end_flush(): failed to send buffer of zlib output compression (1) in C:\Users\veros\Desktop\trabajo1.9\wordpress\wp-includes\functions.php on line 3743
[22-Aug-2018 19:53:25 UTC] PHP Notice:  ob_end_flush(): failed to send buffer of zlib output compression (1) in C:\Users\veros\Desktop\trabajo1.9\wordpress\wp-includes\functions.php on line 3743
[22-Aug-2018 19:53:25 UTC] PHP Notice:  ob_end_flush(): failed to send buffer of zlib output compression (1) in C:\Users\veros\Desktop\trabajo1.9\wordpress\wp-includes\functions.php on line 3743
[22-Aug-2018 19:53:55 UTC] PHP Notice:  ob_end_flush(): failed to send buffer of zlib output compression (1) in C:\Users\veros\Desktop\trabajo1.9\wordpress\wp-includes\functions.php on line 3743
[22-Aug-2018 19:53:55 UTC] PHP Notice:  ob_end_flush(): failed to send buffer of zlib output compression (1) in C:\Users\veros\Desktop\trabajo1.9\wordpress\wp-includes\functions.php on line 3743
[22-Aug-2018 19:53:58 UTC] PHP Notice:  ob_end_flush(): failed to send buffer of zlib output compression (1) in C:\Users\veros\Desktop\trabajo1.9\wordpress\wp-includes\functions.php on line 3743
[22-Aug-2018 19:53:58 UTC] PHP Notice:  ob_end_flush(): failed to send buffer of zlib output compression (1) in C:\Users\veros\Desktop\trabajo1.9\wordpress\wp-includes\functions.php on line 3743
[22-Aug-2018 19:54:10 UTC] PHP Notice:  ob_end_flush(): failed to send buffer of zlib output compression (1) in C:\Users\veros\Desktop\trabajo1.9\wordpress\wp-includes\functions.php on line 3743
[22-Aug-2018 19:54:10 UTC] PHP Notice:  ob_end_flush(): failed to send buffer of zlib output compression (1) in C:\Users\veros\Desktop\trabajo1.9\wordpress\wp-includes\functions.php on line 3743
[22-Aug-2018 19:54:14 UTC] PHP Notice:  ob_end_flush(): failed to send buffer of zlib output compression (1) in C:\Users\veros\Desktop\trabajo1.9\wordpress\wp-includes\functions.php on line 3743
[22-Aug-2018 19:54:14 UTC] PHP Notice:  ob_end_flush(): failed to send buffer of zlib output compression (1) in C:\Users\veros\Desktop\trabajo1.9\wordpress\wp-includes\functions.php on line 3743
[22-Aug-2018 19:54:26 UTC] PHP Notice:  ob_end_flush(): failed to send buffer of zlib output compression (1) in C:\Users\veros\Desktop\trabajo1.9\wordpress\wp-includes\functions.php on line 3743
[22-Aug-2018 19:54:26 UTC] PHP Notice:  ob_end_flush(): failed to send buffer of zlib output compression (1) in C:\Users\veros\Desktop\trabajo1.9\wordpress\wp-includes\functions.php on line 3743
[22-Aug-2018 19:54:33 UTC] PHP Notice:  ob_end_flush(): failed to send buffer of zlib output compression (1) in C:\Users\veros\Desktop\trabajo1.9\wordpress\wp-includes\functions.php on line 3743
[22-Aug-2018 19:54:33 UTC] PHP Notice:  ob_end_flush(): failed to send buffer of zlib output compression (1) in C:\Users\veros\Desktop\trabajo1.9\wordpress\wp-includes\functions.php on line 3743
[22-Aug-2018 19:54:53 UTC] PHP Warning:  call_user_func_array() expects parameter 1 to be a valid callback, function 'register_enqueue_scripts' not found or invalid function name in C:\Users\veros\Desktop\trabajo1.9\wordpress\wp-includes\class-wp-hook.php on line 286
[22-Aug-2018 19:56:52 UTC] PHP Warning:  call_user_func_array() expects parameter 1 to be a valid callback, function 'register_enqueue_scripts' not found or invalid function name in C:\Users\veros\Desktop\trabajo1.9\wordpress\wp-includes\class-wp-hook.php on line 286
[22-Aug-2018 19:57:16 UTC] PHP Notice:  ob_end_flush(): failed to send buffer of zlib output compression (1) in C:\Users\veros\Desktop\trabajo1.9\wordpress\wp-includes\functions.php on line 3743
[22-Aug-2018 19:57:16 UTC] PHP Notice:  ob_end_flush(): failed to send buffer of zlib output compression (1) in C:\Users\veros\Desktop\trabajo1.9\wordpress\wp-includes\functions.php on line 3743
[22-Aug-2018 19:57:24 UTC] PHP Notice:  ob_end_flush(): failed to send buffer of zlib output compression (1) in C:\Users\veros\Desktop\trabajo1.9\wordpress\wp-includes\functions.php on line 3743
[22-Aug-2018 19:57:24 UTC] PHP Notice:  ob_end_flush(): failed to send buffer of zlib output compression (1) in C:\Users\veros\Desktop\trabajo1.9\wordpress\wp-includes\functions.php on line 3743
[22-Aug-2018 19:57:24 UTC] PHP Notice:  ob_end_flush(): failed to send buffer of zlib output compression (1) in C:\Users\veros\Desktop\trabajo1.9\wordpress\wp-includes\functions.php on line 3743
[22-Aug-2018 19:57:24 UTC] PHP Notice:  ob_end_flush(): failed to send buffer of zlib output compression (1) in C:\Users\veros\Desktop\trabajo1.9\wordpress\wp-includes\functions.php on line 3743
[22-Aug-2018 19:58:05 UTC] PHP Notice:  ob_end_flush(): failed to send buffer of zlib output compression (1) in C:\Users\veros\Desktop\trabajo1.9\wordpress\wp-includes\functions.php on line 3743
[22-Aug-2018 19:58:05 UTC] PHP Notice:  ob_end_flush(): failed to send buffer of zlib output compression (1) in C:\Users\veros\Desktop\trabajo1.9\wordpress\wp-includes\functions.php on line 3743
[22-Aug-2018 19:58:15 UTC] PHP Notice:  ob_end_flush(): failed to send buffer of zlib output compression (1) in C:\Users\veros\Desktop\trabajo1.9\wordpress\wp-includes\functions.php on line 3743
[22-Aug-2018 19:58:15 UTC] PHP Notice:  ob_end_flush(): failed to send buffer of zlib output compression (1) in C:\Users\veros\Desktop\trabajo1.9\wordpress\wp-includes\functions.php on line 3743
[22-Aug-2018 19:58:32 UTC] PHP Notice:  ob_end_flush(): failed to send buffer of zlib output compression (1) in C:\Users\veros\Desktop\trabajo1.9\wordpress\wp-includes\functions.php on line 3743
[22-Aug-2018 19:58:32 UTC] PHP Notice:  ob_end_flush(): failed to send buffer of zlib output compression (1) in C:\Users\veros\Desktop\trabajo1.9\wordpress\wp-includes\functions.php on line 3743
[22-Aug-2018 20:02:24 UTC] PHP Notice:  ob_end_flush(): failed to send buffer of zlib output compression (1) in C:\Users\veros\Desktop\trabajo1.9\wordpress\wp-includes\functions.php on line 3743
[22-Aug-2018 20:02:24 UTC] PHP Notice:  ob_end_flush(): failed to send buffer of zlib output compression (1) in C:\Users\veros\Desktop\trabajo1.9\wordpress\wp-includes\functions.php on line 3743
[22-Aug-2018 20:03:44 UTC] PHP Notice:  ob_end_flush(): failed to send buffer of zlib output compression (1) in C:\Users\veros\Desktop\trabajo1.9\wordpress\wp-includes\functions.php on line 3743
[22-Aug-2018 20:03:44 UTC] PHP Notice:  ob_end_flush(): failed to send buffer of zlib output compression (1) in C:\Users\veros\Desktop\trabajo1.9\wordpress\wp-includes\functions.php on line 3743
[22-Aug-2018 20:04:54 UTC] PHP Notice:  ob_end_flush(): failed to send buffer of zlib output compression (1) in C:\Users\veros\Desktop\trabajo1.9\wordpress\wp-includes\functions.php on line 3743
[22-Aug-2018 20:04:54 UTC] PHP Notice:  ob_end_flush(): failed to send buffer of zlib output compression (1) in C:\Users\veros\Desktop\trabajo1.9\wordpress\wp-includes\functions.php on line 3743
[22-Aug-2018 20:05:14 UTC] PHP Notice:  ob_end_flush(): failed to send buffer of zlib output compression (1) in C:\Users\veros\Desktop\trabajo1.9\wordpress\wp-includes\functions.php on line 3743
[22-Aug-2018 20:05:14 UTC] PHP Notice:  ob_end_flush(): failed to send buffer of zlib output compression (1) in C:\Users\veros\Desktop\trabajo1.9\wordpress\wp-includes\functions.php on line 3743
[22-Aug-2018 20:05:25 UTC] PHP Notice:  ob_end_flush(): failed to send buffer of zlib output compression (1) in C:\Users\veros\Desktop\trabajo1.9\wordpress\wp-includes\functions.php on line 3743
[22-Aug-2018 20:05:25 UTC] PHP Notice:  ob_end_flush(): failed to send buffer of zlib output compression (1) in C:\Users\veros\Desktop\trabajo1.9\wordpress\wp-includes\functions.php on line 3743
[22-Aug-2018 20:05:29 UTC] PHP Notice:  ob_end_flush(): failed to send buffer of zlib output compression (1) in C:\Users\veros\Desktop\trabajo1.9\wordpress\wp-includes\functions.php on line 3743
[22-Aug-2018 20:05:29 UTC] PHP Notice:  ob_end_flush(): failed to send buffer of zlib output compression (1) in C:\Users\veros\Desktop\trabajo1.9\wordpress\wp-includes\functions.php on line 3743
[22-Aug-2018 20:06:59 UTC] PHP Notice:  ob_end_flush(): failed to send buffer of zlib output compression (1) in C:\Users\veros\Desktop\trabajo1.9\wordpress\wp-includes\functions.php on line 3743
[22-Aug-2018 20:06:59 UTC] PHP Notice:  ob_end_flush(): failed to send buffer of zlib output compression (1) in C:\Users\veros\Desktop\trabajo1.9\wordpress\wp-includes\functions.php on line 3743
[22-Aug-2018 20:07:57 UTC] PHP Notice:  ob_end_flush(): failed to send buffer of zlib output compression (1) in C:\Users\veros\Desktop\trabajo1.9\wordpress\wp-includes\functions.php on line 3743
[22-Aug-2018 20:07:57 UTC] PHP Notice:  ob_end_flush(): failed to send buffer of zlib output compression (1) in C:\Users\veros\Desktop\trabajo1.9\wordpress\wp-includes\functions.php on line 3743
[22-Aug-2018 20:08:00 UTC] PHP Warning:  call_user_func_array() expects parameter 1 to be a valid callback, function 'register_enqueue_scripts' not found or invalid function name in C:\Users\veros\Desktop\trabajo1.9\wordpress\wp-includes\class-wp-hook.php on line 286
[22-Aug-2018 20:08:08 UTC] PHP Warning:  call_user_func_array() expects parameter 1 to be a valid callback, function 'register_enqueue_scripts' not found or invalid function name in C:\Users\veros\Desktop\trabajo1.9\wordpress\wp-includes\class-wp-hook.php on line 286
[22-Aug-2018 20:08:17 UTC] PHP Notice:  ob_end_flush(): failed to send buffer of zlib output compression (1) in C:\Users\veros\Desktop\trabajo1.9\wordpress\wp-includes\functions.php on line 3743
[22-Aug-2018 20:08:17 UTC] PHP Notice:  ob_end_flush(): failed to send buffer of zlib output compression (1) in C:\Users\veros\Desktop\trabajo1.9\wordpress\wp-includes\functions.php on line 3743
[22-Aug-2018 20:08:22 UTC] PHP Notice:  ob_end_flush(): failed to send buffer of zlib output compression (1) in C:\Users\veros\Desktop\trabajo1.9\wordpress\wp-includes\functions.php on line 3743
[22-Aug-2018 20:08:22 UTC] PHP Notice:  ob_end_flush(): failed to send buffer of zlib output compression (1) in C:\Users\veros\Desktop\trabajo1.9\wordpress\wp-includes\functions.php on line 3743
[22-Aug-2018 20:08:26 UTC] PHP Notice:  ob_end_flush(): failed to send buffer of zlib output compression (1) in C:\Users\veros\Desktop\trabajo1.9\wordpress\wp-includes\functions.php on line 3743
[22-Aug-2018 20:08:26 UTC] PHP Notice:  ob_end_flush(): failed to send buffer of zlib output compression (1) in C:\Users\veros\Desktop\trabajo1.9\wordpress\wp-includes\functions.php on line 3743
[22-Aug-2018 20:09:54 UTC] PHP Notice:  ob_end_flush(): failed to send buffer of zlib output compression (1) in C:\Users\veros\Desktop\trabajo1.9\wordpress\wp-includes\functions.php on line 3743
[22-Aug-2018 20:09:54 UTC] PHP Notice:  ob_end_flush(): failed to send buffer of zlib output compression (1) in C:\Users\veros\Desktop\trabajo1.9\wordpress\wp-includes\functions.php on line 3743
[22-Aug-2018 20:28:27 UTC] PHP Notice:  ob_end_flush(): failed to send buffer of zlib output compression (1) in C:\Users\veros\Desktop\trabajo1.9\wordpress\wp-includes\functions.php on line 3743
[22-Aug-2018 20:28:27 UTC] PHP Notice:  ob_end_flush(): failed to send buffer of zlib output compression (1) in C:\Users\veros\Desktop\trabajo1.9\wordpress\wp-includes\functions.php on line 3743
[22-Aug-2018 20:28:32 UTC] PHP Warning:  call_user_func_array() expects parameter 1 to be a valid callback, function 'register_enqueue_scripts' not found or invalid function name in C:\Users\veros\Desktop\trabajo1.9\wordpress\wp-includes\class-wp-hook.php on line 286
[22-Aug-2018 20:28:54 UTC] PHP Notice:  ob_end_flush(): failed to send buffer of zlib output compression (1) in C:\Users\veros\Desktop\trabajo1.9\wordpress\wp-includes\functions.php on line 3743
[22-Aug-2018 20:28:54 UTC] PHP Notice:  ob_end_flush(): failed to send buffer of zlib output compression (1) in C:\Users\veros\Desktop\trabajo1.9\wordpress\wp-includes\functions.php on line 3743
[22-Aug-2018 20:29:01 UTC] PHP Notice:  ob_end_flush(): failed to send buffer of zlib output compression (1) in C:\Users\veros\Desktop\trabajo1.9\wordpress\wp-includes\functions.php on line 3743
[22-Aug-2018 20:29:01 UTC] PHP Notice:  ob_end_flush(): failed to send buffer of zlib output compression (1) in C:\Users\veros\Desktop\trabajo1.9\wordpress\wp-includes\functions.php on line 3743
[22-Aug-2018 20:29:04 UTC] PHP Notice:  ob_end_flush(): failed to send buffer of zlib output compression (1) in C:\Users\veros\Desktop\trabajo1.9\wordpress\wp-includes\functions.php on line 3743
[22-Aug-2018 20:29:04 UTC] PHP Notice:  ob_end_flush(): failed to send buffer of zlib output compression (1) in C:\Users\veros\Desktop\trabajo1.9\wordpress\wp-includes\functions.php on line 3743
[22-Aug-2018 20:32:32 UTC] PHP Warning:  call_user_func_array() expects parameter 1 to be a valid callback, function 'register_enqueue_scripts' not found or invalid function name in C:\Users\veros\Desktop\trabajo1.9\wordpress\wp-includes\class-wp-hook.php on line 286
[22-Aug-2018 20:32:32 UTC] PHP Warning:  call_user_func_array() expects parameter 1 to be a valid callback, function 'register_enqueue_scripts' not found or invalid function name in C:\Users\veros\Desktop\trabajo1.9\wordpress\wp-includes\class-wp-hook.php on line 286
[22-Aug-2018 20:32:34 UTC] PHP Warning:  call_user_func_array() expects parameter 1 to be a valid callback, function 'register_enqueue_scripts' not found or invalid function name in C:\Users\veros\Desktop\trabajo1.9\wordpress\wp-includes\class-wp-hook.php on line 286
[22-Aug-2018 20:32:48 UTC] PHP Warning:  call_user_func_array() expects parameter 1 to be a valid callback, function 'register_enqueue_scripts' not found or invalid function name in C:\Users\veros\Desktop\trabajo1.9\wordpress\wp-includes\class-wp-hook.php on line 286
[22-Aug-2018 20:34:55 UTC] PHP Warning:  call_user_func_array() expects parameter 1 to be a valid callback, function 'register_enqueue_scripts' not found or invalid function name in C:\Users\veros\Desktop\trabajo1.9\wordpress\wp-includes\class-wp-hook.php on line 286
[22-Aug-2018 20:45:13 UTC] PHP Warning:  call_user_func_array() expects parameter 1 to be a valid callback, function 'register_enqueue_scripts' not found or invalid function name in C:\Users\veros\Desktop\trabajo1.9\wordpress\wp-includes\class-wp-hook.php on line 286
[22-Aug-2018 20:45:30 UTC] PHP Notice:  ob_end_flush(): failed to send buffer of zlib output compression (1) in C:\Users\veros\Desktop\trabajo1.9\wordpress\wp-includes\functions.php on line 3743
[22-Aug-2018 20:45:30 UTC] PHP Notice:  ob_end_flush(): failed to send buffer of zlib output compression (1) in C:\Users\veros\Desktop\trabajo1.9\wordpress\wp-includes\functions.php on line 3743
[22-Aug-2018 20:45:38 UTC] PHP Notice:  ob_end_flush(): failed to send buffer of zlib output compression (1) in C:\Users\veros\Desktop\trabajo1.9\wordpress\wp-includes\functions.php on line 3743
[22-Aug-2018 20:45:38 UTC] PHP Notice:  ob_end_flush(): failed to send buffer of zlib output compression (1) in C:\Users\veros\Desktop\trabajo1.9\wordpress\wp-includes\functions.php on line 3743
[22-Aug-2018 20:45:41 UTC] PHP Notice:  ob_end_flush(): failed to send buffer of zlib output compression (1) in C:\Users\veros\Desktop\trabajo1.9\wordpress\wp-includes\functions.php on line 3743
[22-Aug-2018 20:45:41 UTC] PHP Notice:  ob_end_flush(): failed to send buffer of zlib output compression (1) in C:\Users\veros\Desktop\trabajo1.9\wordpress\wp-includes\functions.php on line 3743
[22-Aug-2018 20:45:54 UTC] PHP Notice:  ob_end_flush(): failed to send buffer of zlib output compression (1) in C:\Users\veros\Desktop\trabajo1.9\wordpress\wp-includes\functions.php on line 3743
[22-Aug-2018 20:45:54 UTC] PHP Notice:  ob_end_flush(): failed to send buffer of zlib output compression (1) in C:\Users\veros\Desktop\trabajo1.9\wordpress\wp-includes\functions.php on line 3743
[22-Aug-2018 20:46:22 UTC] PHP Notice:  ob_end_flush(): failed to send buffer of zlib output compression (1) in C:\Users\veros\Desktop\trabajo1.9\wordpress\wp-includes\functions.php on line 3743
[22-Aug-2018 20:46:22 UTC] PHP Notice:  ob_end_flush(): failed to send buffer of zlib output compression (1) in C:\Users\veros\Desktop\trabajo1.9\wordpress\wp-includes\functions.php on line 3743
[22-Aug-2018 20:46:28 UTC] PHP Notice:  ob_end_flush(): failed to send buffer of zlib output compression (1) in C:\Users\veros\Desktop\trabajo1.9\wordpress\wp-includes\functions.php on line 3743
[22-Aug-2018 20:46:28 UTC] PHP Notice:  ob_end_flush(): failed to send buffer of zlib output compression (1) in C:\Users\veros\Desktop\trabajo1.9\wordpress\wp-includes\functions.php on line 3743
[22-Aug-2018 20:46:31 UTC] PHP Warning:  call_user_func_array() expects parameter 1 to be a valid callback, function 'register_enqueue_scripts' not found or invalid function name in C:\Users\veros\Desktop\trabajo1.9\wordpress\wp-includes\class-wp-hook.php on line 286
[22-Aug-2018 20:48:53 UTC] PHP Warning:  call_user_func_array() expects parameter 1 to be a valid callback, function 'register_enqueue_scripts' not found or invalid function name in C:\Users\veros\Desktop\trabajo1.9\wordpress\wp-includes\class-wp-hook.php on line 286
[22-Aug-2018 20:48:58 UTC] PHP Warning:  call_user_func_array() expects parameter 1 to be a valid callback, function 'register_enqueue_scripts' not found or invalid function name in C:\Users\veros\Desktop\trabajo1.9\wordpress\wp-includes\class-wp-hook.php on line 286
[22-Aug-2018 20:48:58 UTC] PHP Warning:  Use of undefined constant the_permalink - assumed 'the_permalink' (this will throw an Error in a future version of PHP) in C:\Users\veros\Desktop\trabajo1.9\wordpress\wp-content\themes\vero\index.php on line 14
[22-Aug-2018 20:48:58 UTC] PHP Warning:  Use of undefined constant the_permalink - assumed 'the_permalink' (this will throw an Error in a future version of PHP) in C:\Users\veros\Desktop\trabajo1.9\wordpress\wp-content\themes\vero\index.php on line 14
[22-Aug-2018 20:48:58 UTC] PHP Warning:  Use of undefined constant the_permalink - assumed 'the_permalink' (this will throw an Error in a future version of PHP) in C:\Users\veros\Desktop\trabajo1.9\wordpress\wp-content\themes\vero\index.php on line 14
[22-Aug-2018 20:48:58 UTC] PHP Warning:  Use of undefined constant the_permalink - assumed 'the_permalink' (this will throw an Error in a future version of PHP) in C:\Users\veros\Desktop\trabajo1.9\wordpress\wp-content\themes\vero\index.php on line 14
[22-Aug-2018 20:48:58 UTC] PHP Warning:  Use of undefined constant the_permalink - assumed 'the_permalink' (this will throw an Error in a future version of PHP) in C:\Users\veros\Desktop\trabajo1.9\wordpress\wp-content\themes\vero\index.php on line 14
[22-Aug-2018 20:48:58 UTC] PHP Notice:  ob_end_flush(): failed to send buffer of zlib output compression (1) in C:\Users\veros\Desktop\trabajo1.9\wordpress\wp-includes\functions.php on line 3743
[22-Aug-2018 20:48:58 UTC] PHP Notice:  ob_end_flush(): failed to send buffer of zlib output compression (1) in C:\Users\veros\Desktop\trabajo1.9\wordpress\wp-includes\functions.php on line 3743
[22-Aug-2018 20:49:10 UTC] PHP Warning:  call_user_func_array() expects parameter 1 to be a valid callback, function 'register_enqueue_scripts' not found or invalid function name in C:\Users\veros\Desktop\trabajo1.9\wordpress\wp-includes\class-wp-hook.php on line 286
[22-Aug-2018 20:49:39 UTC] PHP Warning:  call_user_func_array() expects parameter 1 to be a valid callback, function 'register_enqueue_scripts' not found or invalid function name in C:\Users\veros\Desktop\trabajo1.9\wordpress\wp-includes\class-wp-hook.php on line 286
[22-Aug-2018 20:49:39 UTC] PHP Warning:  Use of undefined constant the_permalink - assumed 'the_permalink' (this will throw an Error in a future version of PHP) in C:\Users\veros\Desktop\trabajo1.9\wordpress\wp-content\themes\vero\index.php on line 14
[22-Aug-2018 20:49:39 UTC] PHP Warning:  Use of undefined constant the_permalink - assumed 'the_permalink' (this will throw an Error in a future version of PHP) in C:\Users\veros\Desktop\trabajo1.9\wordpress\wp-content\themes\vero\index.php on line 14
[22-Aug-2018 20:49:39 UTC] PHP Warning:  Use of undefined constant the_permalink - assumed 'the_permalink' (this will throw an Error in a future version of PHP) in C:\Users\veros\Desktop\trabajo1.9\wordpress\wp-content\themes\vero\index.php on line 14
[22-Aug-2018 20:49:39 UTC] PHP Warning:  Use of undefined constant the_permalink - assumed 'the_permalink' (this will throw an Error in a future version of PHP) in C:\Users\veros\Desktop\trabajo1.9\wordpress\wp-content\themes\vero\index.php on line 14
[22-Aug-2018 20:49:39 UTC] PHP Warning:  Use of undefined constant the_permalink - assumed 'the_permalink' (this will throw an Error in a future version of PHP) in C:\Users\veros\Desktop\trabajo1.9\wordpress\wp-content\themes\vero\index.php on line 14
[22-Aug-2018 20:49:39 UTC] PHP Notice:  ob_end_flush(): failed to send buffer of zlib output compression (1) in C:\Users\veros\Desktop\trabajo1.9\wordpress\wp-includes\functions.php on line 3743
[22-Aug-2018 20:49:39 UTC] PHP Notice:  ob_end_flush(): failed to send buffer of zlib output compression (1) in C:\Users\veros\Desktop\trabajo1.9\wordpress\wp-includes\functions.php on line 3743
[22-Aug-2018 20:50:15 UTC] PHP Warning:  call_user_func_array() expects parameter 1 to be a valid callback, function 'register_enqueue_scripts' not found or invalid function name in C:\Users\veros\Desktop\trabajo1.9\wordpress\wp-includes\class-wp-hook.php on line 286
[22-Aug-2018 20:50:22 UTC] PHP Notice:  ob_end_flush(): failed to send buffer of zlib output compression (1) in C:\Users\veros\Desktop\trabajo1.9\wordpress\wp-includes\functions.php on line 3743
[22-Aug-2018 20:50:22 UTC] PHP Notice:  ob_end_flush(): failed to send buffer of zlib output compression (1) in C:\Users\veros\Desktop\trabajo1.9\wordpress\wp-includes\functions.php on line 3743
[22-Aug-2018 20:50:25 UTC] PHP Notice:  ob_end_flush(): failed to send buffer of zlib output compression (1) in C:\Users\veros\Desktop\trabajo1.9\wordpress\wp-includes\functions.php on line 3743
[22-Aug-2018 20:50:25 UTC] PHP Notice:  ob_end_flush(): failed to send buffer of zlib output compression (1) in C:\Users\veros\Desktop\trabajo1.9\wordpress\wp-includes\functions.php on line 3743
[22-Aug-2018 20:50:30 UTC] PHP Notice:  ob_end_flush(): failed to send buffer of zlib output compression (1) in C:\Users\veros\Desktop\trabajo1.9\wordpress\wp-includes\functions.php on line 3743
[22-Aug-2018 20:50:30 UTC] PHP Notice:  ob_end_flush(): failed to send buffer of zlib output compression (1) in C:\Users\veros\Desktop\trabajo1.9\wordpress\wp-includes\functions.php on line 3743
[22-Aug-2018 20:50:40 UTC] PHP Notice:  ob_end_flush(): failed to send buffer of zlib output compression (1) in C:\Users\veros\Desktop\trabajo1.9\wordpress\wp-includes\functions.php on line 3743
[22-Aug-2018 20:50:40 UTC] PHP Notice:  ob_end_flush(): failed to send buffer of zlib output compression (1) in C:\Users\veros\Desktop\trabajo1.9\wordpress\wp-includes\functions.php on line 3743
[22-Aug-2018 20:50:44 UTC] PHP Warning:  call_user_func_array() expects parameter 1 to be a valid callback, function 'register_enqueue_scripts' not found or invalid function name in C:\Users\veros\Desktop\trabajo1.9\wordpress\wp-includes\class-wp-hook.php on line 286
[22-Aug-2018 20:50:47 UTC] PHP Warning:  call_user_func_array() expects parameter 1 to be a valid callback, function 'register_enqueue_scripts' not found or invalid function name in C:\Users\veros\Desktop\trabajo1.9\wordpress\wp-includes\class-wp-hook.php on line 286
[22-Aug-2018 20:50:47 UTC] PHP Warning:  Use of undefined constant the_permalink - assumed 'the_permalink' (this will throw an Error in a future version of PHP) in C:\Users\veros\Desktop\trabajo1.9\wordpress\wp-content\themes\vero\index.php on line 14
[22-Aug-2018 20:50:47 UTC] PHP Warning:  Use of undefined constant the_permalink - assumed 'the_permalink' (this will throw an Error in a future version of PHP) in C:\Users\veros\Desktop\trabajo1.9\wordpress\wp-content\themes\vero\index.php on line 14
[22-Aug-2018 20:50:47 UTC] PHP Warning:  Use of undefined constant the_permalink - assumed 'the_permalink' (this will throw an Error in a future version of PHP) in C:\Users\veros\Desktop\trabajo1.9\wordpress\wp-content\themes\vero\index.php on line 14
[22-Aug-2018 20:50:47 UTC] PHP Warning:  Use of undefined constant the_permalink - assumed 'the_permalink' (this will throw an Error in a future version of PHP) in C:\Users\veros\Desktop\trabajo1.9\wordpress\wp-content\themes\vero\index.php on line 14
[22-Aug-2018 20:50:47 UTC] PHP Notice:  ob_end_flush(): failed to send buffer of zlib output compression (1) in C:\Users\veros\Desktop\trabajo1.9\wordpress\wp-includes\functions.php on line 3743
[22-Aug-2018 20:50:47 UTC] PHP Notice:  ob_end_flush(): failed to send buffer of zlib output compression (1) in C:\Users\veros\Desktop\trabajo1.9\wordpress\wp-includes\functions.php on line 3743
[22-Aug-2018 20:50:53 UTC] PHP Warning:  call_user_func_array() expects parameter 1 to be a valid callback, function 'register_enqueue_scripts' not found or invalid function name in C:\Users\veros\Desktop\trabajo1.9\wordpress\wp-includes\class-wp-hook.php on line 286
[22-Aug-2018 20:50:53 UTC] PHP Warning:  Use of undefined constant the_permalink - assumed 'the_permalink' (this will throw an Error in a future version of PHP) in C:\Users\veros\Desktop\trabajo1.9\wordpress\wp-content\themes\vero\index.php on line 14
[22-Aug-2018 20:50:53 UTC] PHP Warning:  Use of undefined constant the_permalink - assumed 'the_permalink' (this will throw an Error in a future version of PHP) in C:\Users\veros\Desktop\trabajo1.9\wordpress\wp-content\themes\vero\index.php on line 14
[22-Aug-2018 20:50:53 UTC] PHP Warning:  Use of undefined constant the_permalink - assumed 'the_permalink' (this will throw an Error in a future version of PHP) in C:\Users\veros\Desktop\trabajo1.9\wordpress\wp-content\themes\vero\index.php on line 14
[22-Aug-2018 20:50:53 UTC] PHP Warning:  Use of undefined constant the_permalink - assumed 'the_permalink' (this will throw an Error in a future version of PHP) in C:\Users\veros\Desktop\trabajo1.9\wordpress\wp-content\themes\vero\index.php on line 14
[22-Aug-2018 20:50:53 UTC] PHP Notice:  ob_end_flush(): failed to send buffer of zlib output compression (1) in C:\Users\veros\Desktop\trabajo1.9\wordpress\wp-includes\functions.php on line 3743
[22-Aug-2018 20:50:53 UTC] PHP Notice:  ob_end_flush(): failed to send buffer of zlib output compression (1) in C:\Users\veros\Desktop\trabajo1.9\wordpress\wp-includes\functions.php on line 3743
[22-Aug-2018 20:51:01 UTC] PHP Warning:  call_user_func_array() expects parameter 1 to be a valid callback, function 'register_enqueue_scripts' not found or invalid function name in C:\Users\veros\Desktop\trabajo1.9\wordpress\wp-includes\class-wp-hook.php on line 286
[22-Aug-2018 20:51:56 UTC] PHP Notice:  ob_end_flush(): failed to send buffer of zlib output compression (1) in C:\Users\veros\Desktop\trabajo1.9\wordpress\wp-includes\functions.php on line 3743
[22-Aug-2018 20:51:56 UTC] PHP Notice:  ob_end_flush(): failed to send buffer of zlib output compression (1) in C:\Users\veros\Desktop\trabajo1.9\wordpress\wp-includes\functions.php on line 3743
[22-Aug-2018 20:52:12 UTC] PHP Notice:  ob_end_flush(): failed to send buffer of zlib output compression (1) in C:\Users\veros\Desktop\trabajo1.9\wordpress\wp-includes\functions.php on line 3743
[22-Aug-2018 20:52:12 UTC] PHP Notice:  ob_end_flush(): failed to send buffer of zlib output compression (1) in C:\Users\veros\Desktop\trabajo1.9\wordpress\wp-includes\functions.php on line 3743
[22-Aug-2018 20:52:16 UTC] PHP Warning:  call_user_func_array() expects parameter 1 to be a valid callback, function 'register_enqueue_scripts' not found or invalid function name in C:\Users\veros\Desktop\trabajo1.9\wordpress\wp-includes\class-wp-hook.php on line 286
[22-Aug-2018 20:52:26 UTC] PHP Warning:  call_user_func_array() expects parameter 1 to be a valid callback, function 'register_enqueue_scripts' not found or invalid function name in C:\Users\veros\Desktop\trabajo1.9\wordpress\wp-includes\class-wp-hook.php on line 286
[22-Aug-2018 20:52:26 UTC] PHP Warning:  Use of undefined constant the_permalink - assumed 'the_permalink' (this will throw an Error in a future version of PHP) in C:\Users\veros\Desktop\trabajo1.9\wordpress\wp-content\themes\vero\index.php on line 14
[22-Aug-2018 20:52:26 UTC] PHP Warning:  Use of undefined constant the_permalink - assumed 'the_permalink' (this will throw an Error in a future version of PHP) in C:\Users\veros\Desktop\trabajo1.9\wordpress\wp-content\themes\vero\index.php on line 14
[22-Aug-2018 20:52:26 UTC] PHP Warning:  Use of undefined constant the_permalink - assumed 'the_permalink' (this will throw an Error in a future version of PHP) in C:\Users\veros\Desktop\trabajo1.9\wordpress\wp-content\themes\vero\index.php on line 14
[22-Aug-2018 20:52:26 UTC] PHP Warning:  Use of undefined constant the_permalink - assumed 'the_permalink' (this will throw an Error in a future version of PHP) in C:\Users\veros\Desktop\trabajo1.9\wordpress\wp-content\themes\vero\index.php on line 14
[22-Aug-2018 20:52:26 UTC] PHP Notice:  ob_end_flush(): failed to send buffer of zlib output compression (1) in C:\Users\veros\Desktop\trabajo1.9\wordpress\wp-includes\functions.php on line 3743
[22-Aug-2018 20:52:26 UTC] PHP Notice:  ob_end_flush(): failed to send buffer of zlib output compression (1) in C:\Users\veros\Desktop\trabajo1.9\wordpress\wp-includes\functions.php on line 3743
[22-Aug-2018 20:52:31 UTC] PHP Warning:  call_user_func_array() expects parameter 1 to be a valid callback, function 'register_enqueue_scripts' not found or invalid function name in C:\Users\veros\Desktop\trabajo1.9\wordpress\wp-includes\class-wp-hook.php on line 286
